input_shape = [64, 96]
batch_size = 128
beta = 1.500
filters = [64, 64, 64, 64]
kernels = [3, 5, 7, 9]
strides = [2, 2, 2, 2]
hidden_dim = 512
latent_dim = 48
hidden = [4, 6]
epochs = 150

loss  reconstruction_loss  kl_loss
3386.393 3362.020 24.373
3074.496 3030.892 43.603
3019.919 2975.744 44.177
2996.647 2951.504 45.145
2979.880 2933.360 46.521
2965.231 2918.099 47.133
2957.160 2909.568 47.591
2949.343 2901.383 47.960
2943.163 2894.937 48.226
2939.345 2890.760 48.585
2939.854 2891.047 48.808
2932.670 2884.028 48.643
2931.472 2882.581 48.891
2932.226 2882.066 50.159
2923.966 2874.334 49.633
2931.936 2882.036 49.899
2920.124 2869.807 50.318
2922.060 2870.822 51.235
2914.628 2863.255 51.374
2913.506 2861.751 51.754
2911.713 2859.413 52.299
2913.136 2860.601 52.535
2907.817 2855.474 52.343
2906.858 2853.993 52.865
2906.074 2853.414 52.661
2906.863 2854.201 52.662
2904.617 2851.860 52.757
2902.776 2849.715 53.061
2908.226 2855.090 53.137
2902.419 2849.126 53.292
2899.069 2845.416 53.653
2936.058 2880.246 55.812
2921.374 2866.995 54.377
2902.933 2848.828 54.105
2898.872 2844.643 54.229
2898.848 2844.513 54.334
2896.372 2842.073 54.299
2900.081 2844.315 55.765
2893.492 2838.510 54.982
2893.971 2839.080 54.892
2891.142 2836.387 54.754
2891.647 2836.676 54.972
2889.796 2834.904 54.893
2892.201 2836.972 55.231
2888.557 2833.394 55.163
2890.283 2835.052 55.231
2887.286 2832.076 55.209
2892.116 2836.159 55.959
2886.026 2830.769 55.257
2885.937 2830.560 55.378
2885.121 2829.809 55.314
2888.684 2832.330 56.354
2885.227 2829.394 55.834
2884.096 2828.246 55.851
2886.616 2830.678 55.939
2885.392 2829.367 56.026
2882.780 2826.788 55.992
2882.200 2826.382 55.820
2889.292 2831.667 57.623
2880.442 2824.266 56.175
2880.646 2824.551 56.094
2880.197 2824.096 56.100
2881.294 2825.214 56.081
2879.563 2823.388 56.173
2879.952 2823.711 56.241
2880.831 2824.516 56.315
2879.194 2822.397 56.797
2878.333 2821.817 56.514
2877.079 2820.512 56.566
2879.799 2823.087 56.712
2877.077 2820.506 56.570
2876.722 2820.059 56.663
2878.175 2821.360 56.814
2876.396 2819.633 56.763
2883.735 2824.993 58.744
2876.148 2819.141 57.009
2875.156 2818.143 57.013
2874.670 2817.683 56.990
2879.971 2822.911 57.060
2873.801 2816.841 56.960
2874.848 2817.760 57.088
2884.701 2826.205 58.496
2875.652 2817.766 57.886
2872.975 2815.520 57.455
2873.904 2816.121 57.782
2874.152 2816.723 57.430
2871.804 2814.536 57.269
2872.079 2814.553 57.525
2871.542 2814.286 57.256
2873.278 2815.447 57.832
2871.363 2813.874 57.489
2872.511 2814.912 57.600
2870.213 2812.883 57.330
2870.824 2812.913 57.912
2872.731 2814.983 57.750
2891.005 2832.181 58.824
2870.671 2812.869 57.800
2892.267 2831.375 60.892
2872.835 2814.640 58.194
2871.567 2813.531 58.037
2870.559 2812.671 57.887
2871.635 2813.472 58.165
2871.160 2812.996 58.164
2869.553 2811.620 57.934
2868.105 2810.155 57.951
2873.345 2814.252 59.095
2869.524 2810.947 58.576
2869.144 2810.947 58.198
2868.476 2810.207 58.271
2867.199 2809.032 58.168
2873.316 2814.223 59.094
2866.960 2808.478 58.483
2867.210 2808.680 58.529
2868.980 2810.299 58.682
2867.171 2808.653 58.517
2866.739 2808.201 58.536
2867.038 2808.352 58.686
2869.659 2810.883 58.777
2865.312 2806.697 58.616
2866.774 2807.808 58.966
2865.564 2806.900 58.665
2865.114 2806.471 58.642
2868.033 2809.317 58.717
2864.774 2806.059 58.715
2865.244 2806.289 58.954
2869.107 2809.109 59.998
2864.251 2805.309 58.943
2864.503 2805.578 58.924
2864.077 2805.080 58.998
2867.495 2807.856 59.639
2865.035 2805.748 59.287
2864.514 2805.433 59.081
2864.025 2804.939 59.084
2863.237 2804.247 58.991
2863.196 2804.151 59.043
2864.564 2805.240 59.324
2862.896 2803.791 59.105
2863.368 2804.269 59.098
2863.486 2804.287 59.198
2861.873 2802.798 59.075
2863.125 2803.766 59.358
2862.863 2803.792 59.071
2862.123 2802.902 59.221
2861.652 2802.470 59.183
2863.292 2803.752 59.541
2890.980 2829.730 61.250
2875.714 2815.085 60.630
2867.000 2806.860 60.140
2864.028 2804.468 59.561
2864.318 2804.576 59.742
