input_shape = [28, 28]
batch_size = 128
beta = 1.500
filters = [64, 64]
kernels = [3, 5]
strides = [2, 2]
hidden_dim = 300
latent_dim = 16
hidden = [7, 7]
epochs = 30

loss  reconstruction_loss  kl_loss
171.966 157.407 14.559
119.935 94.899 25.037
115.554 89.671 25.884
113.456 86.966 26.490
111.939 84.954 26.985
110.838 83.653 27.185
110.091 82.740 27.351
109.488 82.034 27.454
108.980 81.479 27.501
108.563 81.014 27.549
108.151 80.589 27.562
107.843 80.271 27.572
107.615 79.996 27.619
107.389 79.712 27.677
107.101 79.452 27.649
106.899 79.182 27.717
106.739 79.042 27.697
106.544 78.803 27.741
106.403 78.663 27.740
106.236 78.483 27.752
106.023 78.292 27.731
105.919 78.159 27.760
105.800 78.057 27.743
105.689 77.919 27.770
105.609 77.818 27.791
105.499 77.711 27.788
105.361 77.596 27.765
105.275 77.490 27.785
105.178 77.393 27.785
105.066 77.291 27.775
